2022.12.09-07:21:15.02@0: 
2022.12.09-07:21:15.02@0: 
2022.12.09-07:21:15.02@0: /nova/bin/log
2022.12.09-07:21:15.03@0: --- signal=6 --------------------------------------------
2022.12.09-07:21:15.03@0: 
2022.12.09-07:21:15.03@0: eip=0x77fc2d89 eflags=0x00000202
2022.12.09-07:21:15.03@0: edi=0x7fffe418 esi=0x00000008 ebp=0x7fffe3e8 esp=0x7fffe3c0
2022.12.09-07:21:15.03@0: eax=0x00000000 ebx=0x00000002 ecx=0x7fffe418 edx=0x00000000
2022.12.09-07:21:15.04@0: 
2022.12.09-07:21:15.04@0: maps:
2022.12.09-07:21:15.04@0: 08048000-08059000 r-xp 00000000 07:00 611                                /nova/bin/log
2022.12.09-07:21:15.04@0: 08059000-0805a000 r-xp 00010000 07:00 611                                /nova/bin/log
2022.12.09-07:21:15.04@0: 0805a000-0805b000 rwxp 00011000 07:00 611                                /nova/bin/log
2022.12.09-07:21:15.05@0: 0805b000-0805e000 rwxp 00000000 00:00 0                                  [heap]
2022.12.09-07:21:15.05@0: 77f56000-77f57000 r-xp 07070000 00:06 995                                /dev/jiffies
2022.12.09-07:21:15.05@0: 77f57000-77f68000 r-xp 00000000 07:00 296                                /lib/libuc++.so
2022.12.09-07:21:15.05@0: 77f68000-77f69000 r-xp 00010000 07:00 296                                /lib/libuc++.so
2022.12.09-07:21:15.05@0: 77f69000-77f6a000 rwxp 00011000 07:00 296                                /lib/libuc++.so
2022.12.09-07:21:15.05@0: 77f6a000-77fbb000 r-xp 00000000 07:00 299                                /lib/libumsg.so
2022.12.09-07:21:15.05@0: 77fbb000-77fbc000 r-xp 00050000 07:00 299                                /lib/libumsg.so
2022.12.09-07:21:15.06@0: 77fbc000-77fbd000 rwxp 00051000 07:00 299                                /lib/libumsg.so
2022.12.09-07:21:15.06@0: 77fbd000-77fbe000 rwxp 00000000 00:00 0 
2022.12.09-07:21:15.06@0: 77fbe000-77fc2000 r--p 00000000 00:00 0                                  [vvar]
2022.12.09-07:21:15.06@0: 77fc2000-77fc4000 r-xp 00000000 00:00 0                                  [vdso]
2022.12.09-07:21:15.06@0: 77fc4000-77ffd000 r-xp 00000000 07:00 295                                /lib/libc.so
2022.12.09-07:21:15.06@0: 77ffd000-77ffe000 r-xp 00038000 07:00 295                                /lib/libc.so
2022.12.09-07:21:15.06@0: 77ffe000-77fff000 rwxp 00039000 07:00 295                                /lib/libc.so
2022.12.09-07:21:15.06@0: 77fff000-78000000 rwxp 00000000 00:00 0 
2022.12.09-07:21:15.07@0: 
2022.12.09-07:21:15.07@0: stack: 0x7ffff000 - 0x7fffe3c0 
2022.12.09-07:21:15.07@0: e8 e3 ff 7f 00 00 00 00 18 e4 ff 7f b3 68 ff 77 af 00 00 00 00 e0 ff 77 00 00 00 00 82 7e fe 77 
2022.12.09-07:21:15.11@0: 18 e4 ff 7f 0c e5 ff 7f 28 e4 ff 7f e4 7f fe 77 18 e4 ff 7f 1f 76 fb 77 12 8f fd 77 00 90 f6 77 
2022.12.09-07:21:15.15@0: 
2022.12.09-07:21:15.15@0: code: 0x77fc2d89
2022.12.09-07:21:15.15@0: 5d 5a 59 c3 90 90 90 90 8d b4 26 00 00 00 00 8d 
2022.12.09-07:21:15.17@0: 
2022.12.09-07:21:15.17@0: backtrace: 0x77fc2d89 0x77fe7fe4 0x77fd2285 0x77f98e91 0x77f993ec 0x08055079 
2022.12.09-07:21:15.18@0: 
2022.12.09-07:21:15.18@0: 
2022.12.09-07:21:15.18@0: logtail 1024 begin:
2022.12.09-07:21:15.18@0: 2022.12.09-07:21:15.02@0: could not receive confirmation to CTRL_READY from loader
2022.12.09-07:21:15.18@0: 2022.12.09-07:21:15.02@0: --- nv::message --------
2022.12.09-07:21:15.18@0: 
2022.12.09-07:21:15.18@0: logtail end
2022.12.09-07:21:15.20@0: 
2022.12.09-07:21:15.20@0: 
2022.12.09-07:21:15.20@0: /nova/bin/mproxy
2022.12.09-07:21:15.20@0: --- signal=6 --------------------------------------------
2022.12.09-07:21:15.20@0: 
2022.12.09-07:21:15.20@0: eip=0x77fc2d89 eflags=0x00000202
2022.12.09-07:21:15.20@0: edi=0x7ffffa78 esi=0x00000008 ebp=0x7ffffa48 esp=0x7ffffa20
2022.12.09-07:21:15.20@0: eax=0x00000000 ebx=0x00000002 ecx=0x7ffffa78 edx=0x00000000
2022.12.09-07:21:15.20@0: 
2022.12.09-07:21:15.20@0: maps:
2022.12.09-07:21:15.21@0: 08048000-08059000 r-xp 00000000 07:00 648                                /nova/bin/mproxy
2022.12.09-07:21:15.21@0: 08059000-0805a000 r-xp 00010000 07:00 648                                /nova/bin/mproxy
2022.12.09-07:21:15.21@0: 0805a000-0805b000 rwxp 00011000 07:00 648                                /nova/bin/mproxy
2022.12.09-07:21:15.21@0: 0805b000-0805e000 rwxp 00000000 00:00 0                                  [heap]
2022.12.09-07:21:15.21@0: 77f0c000-77f0d000 r-xp 07070000 00:06 995                                /dev/jiffies
2022.12.09-07:21:15.21@0: 77f0d000-77f1e000 r-xp 00000000 07:00 296                                /lib/libuc++.so
2022.12.09-07:21:15.21@0: 77f1e000-77f1f000 r-xp 00010000 07:00 296                                /lib/libuc++.so
2022.12.09-07:21:15.21@0: 77f1f000-77f20000 rwxp 00011000 07:00 296                                /lib/libuc++.so
2022.12.09-07:21:15.22@0: 77f20000-77f4e000 r-xp 00000000 07:00 300                                /lib/libucrypto.so
2022.12.09-07:21:15.22@0: 77f4e000-77f4f000 r-xp 0002d000 07:00 300                                /lib/libucrypto.so
2022.12.09-07:21:15.22@0: 77f4f000-77f50000 rwxp 0002e000 07:00 300                                /lib/libucrypto.so
2022.12.09-07:21:15.22@0: 77f50000-77f68000 r-xp 00000000 07:00 303                                /lib/libubox.so
2022.12.09-07:21:15.22@0: 77f68000-77f69000 r-xp 00017000 07:00 303                                /lib/libubox.so
2022.12.09-07:21:15.22@0: 77f69000-77f6a000 rwxp 00018000 07:00 303                                /lib/libubox.so
2022.12.09-07:21:15.22@0: 77f6a000-77fbb000 r-xp 00000000 07:00 299                                /lib/libumsg.so
2022.12.09-07:21:15.22@0: 77fbb000-77fbc000 r-xp 00050000 07:00 299                                /lib/libumsg.so
2022.12.09-07:21:15.23@0: 77fbc000-77fbd000 rwxp 00051000 07:00 299                                /lib/libumsg.so
2022.12.09-07:21:15.23@0: 77fbd000-77fbe000 rwxp 00000000 00:00 0 
2022.12.09-07:21:15.23@0: 77fbe000-77fc2000 r--p 00000000 00:00 0                                  [vvar]
2022.12.09-07:21:15.23@0: 77fc2000-77fc4000 r-xp 00000000 00:00 0                                  [vdso]
2022.12.09-07:21:15.23@0: 77fc4000-77ffd000 r-xp 00000000 07:00 295                                /lib/libc.so
2022.12.09-07:21:15.23@0: 77ffd000-77ffe000 r-xp 00038000 07:00 295                                /lib/libc.so
2022.12.09-07:21:15.23@0: 77ffe000-77fff000 rwxp 00039000 07:00 295                                /lib/libc.so
2022.12.09-07:21:15.24@0: 77fff000-78000000 rwxp 00000000 00:00 0 
2022.12.09-07:21:15.24@0: 
2022.12.09-07:21:15.24@0: stack: 0x80000000 - 0x7ffffa20 
2022.12.09-07:21:15.24@0: 48 fa ff 7f 00 00 00 00 78 fa ff 7f b3 68 ff 77 af 00 00 00 00 e0 ff 77 00 00 00 00 82 7e fe 77 
2022.12.09-07:21:15.28@0: 78 fa ff 7f 6c fb ff 7f 88 fa ff 7f e4 7f fe 77 78 fa ff 7f 1f 76 fb 77 12 8f fd 77 00 f0 f1 77 
2022.12.09-07:21:15.31@0: 
2022.12.09-07:21:15.31@0: code: 0x77fc2d89
2022.12.09-07:21:15.32@0: 5d 5a 59 c3 90 90 90 90 8d b4 26 00 00 00 00 8d 
2022.12.09-07:21:15.33@0: 
2022.12.09-07:21:15.33@0: backtrace: 0x77fc2d89 0x77fe7fe4 0x77fd2285 0x77f98e91 0x77f993ec 0x080565e8 0x77fd1d00 0x0804e181 
2022.12.09-07:21:15.34@0: 
2022.12.09-07:21:15.34@0: 
2022.12.09-07:21:15.34@0: logtail 1024 begin:
2022.12.09-07:21:15.35@0: 2022.12.09-07:21:15.19@0: could not receive confirmation to CTRL_READY from loader
2022.12.09-07:21:15.35@0: 2022.12.09-07:21:15.19@0: --- nv::message --------
2022.12.09-07:21:15.35@0: 
2022.12.09-07:21:15.35@0: logtail end
2022.12.09-07:21:15.71@0: 
2022.12.09-07:21:15.71@0: 
2022.12.09-07:21:15.71@0: /nova/bin/moduler
2022.12.09-07:21:15.71@0: --- signal=6 --------------------------------------------
2022.12.09-07:21:15.71@0: 
2022.12.09-07:21:15.71@0: eip=0x77fc2d89 eflags=0x00000202
2022.12.09-07:21:15.71@0: edi=0x7fffef88 esi=0x00000008 ebp=0x7fffef58 esp=0x7fffef30
2022.12.09-07:21:15.72@0: eax=0x00000000 ebx=0x00000002 ecx=0x7fffef88 edx=0x00000000
2022.12.09-07:21:15.73@0: 
2022.12.09-07:21:15.73@0: maps:
2022.12.09-07:21:15.73@0: 08048000-08059000 r-xp 00000000 07:00 604                                /nova/bin/moduler
2022.12.09-07:21:15.73@0: 08059000-0805a000 r-xp 00010000 07:00 604                                /nova/bin/moduler
2022.12.09-07:21:15.73@0: 0805a000-0805b000 rwxp 00011000 07:00 604                                /nova/bin/moduler
2022.12.09-07:21:15.74@0: 0805b000-0805e000 rwxp 00000000 00:00 0                                  [heap]
2022.12.09-07:21:15.74@0: 77f07000-77f08000 r-xp 07070000 00:06 995                                /dev/jiffies
2022.12.09-07:21:15.74@0: 77f08000-77f19000 r-xp 00000000 07:00 296                                /lib/libuc++.so
2022.12.09-07:21:15.74@0: 77f19000-77f1a000 r-xp 00010000 07:00 296                                /lib/libuc++.so
2022.12.09-07:21:15.75@0: 77f1a000-77f1b000 rwxp 00011000 07:00 296                                /lib/libuc++.so
2022.12.09-07:21:15.75@0: 77f1b000-77f49000 r-xp 00000000 07:00 300                                /lib/libucrypto.so
2022.12.09-07:21:15.75@0: 77f49000-77f4a000 r-xp 0002d000 07:00 300                                /lib/libucrypto.so
2022.12.09-07:21:15.75@0: 77f4a000-77f4b000 rwxp 0002e000 07:00 300                                /lib/libucrypto.so
2022.12.09-07:21:15.76@0: 77f4b000-77f63000 r-xp 00000000 07:00 303                                /lib/libubox.so
2022.12.09-07:21:15.76@0: 77f63000-77f64000 r-xp 00017000 07:00 303                                /lib/libubox.so
2022.12.09-07:21:15.76@0: 77f64000-77f65000 rwxp 00018000 07:00 303                                /lib/libubox.so
2022.12.09-07:21:15.76@0: 77f65000-77f68000 r-xp 00000000 07:00 301                                /lib/libuxml++.so
2022.12.09-07:21:15.76@0: 77f68000-77f69000 r-xp 00002000 07:00 301                                /lib/libuxml++.so
2022.12.09-07:21:15.77@0: 77f69000-77f6a000 rwxp 00003000 07:00 301                                /lib/libuxml++.so
2022.12.09-07:21:15.77@0: 77f6a000-77fbb000 r-xp 00000000 07:00 299                                /lib/libumsg.so
2022.12.09-07:21:15.77@0: 77fbb000-77fbc000 r-xp 00050000 07:00 299                                /lib/libumsg.so
2022.12.09-07:21:15.77@0: 77fbc000-77fbd000 rwxp 00051000 07:00 299                                /lib/libumsg.so
2022.12.09-07:21:15.78@0: 77fbd000-77fbe000 rwxp 00000000 00:00 0 
2022.12.09-07:21:15.78@0: 77fbe000-77fc2000 r--p 00000000 00:00 0                                  [vvar]
2022.12.09-07:21:15.78@0: 77fc2000-77fc4000 r-xp 00000000 00:00 0                                  [vdso]
2022.12.09-07:21:15.78@0: 77fc4000-77ffd000 r-xp 00000000 07:00 295                                /lib/libc.so
2022.12.09-07:21:15.78@0: 77ffd000-77ffe000 r-xp 00038000 07:00 295                                /lib/libc.so
2022.12.09-07:21:15.79@0: 77ffe000-77fff000 rwxp 00039000 07:00 295                                /lib/libc.so
2022.12.09-07:21:15.79@0: 77fff000-78000000 rwxp 00000000 00:00 0 
2022.12.09-07:21:15.80@0: 
2022.12.09-07:21:15.80@0: stack: 0x80000000 - 0x7fffef30 
2022.12.09-07:21:15.80@0: 58 ef ff 7f 00 00 00 00 88 ef ff 7f b3 68 ff 77 af 00 00 00 00 e0 ff 77 00 00 00 00 82 7e fe 77 
2022.12.09-07:21:15.91@0: 88 ef ff 7f 7c f0 ff 7f 98 ef ff 7f e4 7f fe 77 88 ef ff 7f 1f 76 fb 77 12 8f fd 77 00 a0 f1 77 
2022.12.09-07:21:15.96@0: 
2022.12.09-07:21:15.96@0: code: 0x77fc2d89
2022.12.09-07:21:15.96@0: 5d 5a 59 c3 90 90 90 90 8d b4 26 00 00 00 00 8d 
2022.12.09-07:21:15.99@0: 
2022.12.09-07:21:15.99@0: backtrace: 0x77fc2d89 0x77fe7fe4 0x77fd2285 0x77f98e91 0x77f993ec 0x08055743 0x77fd1d00 0x0804ce71 
2022.12.09-07:21:16.00@0: 
2022.12.09-07:21:16.01@0: 
2022.12.09-07:21:16.01@0: logtail 1024 begin:
2022.12.09-07:21:16.01@0: 2022.12.09-07:21:15.70@0: could not receive confirmation to CTRL_READY from loader
2022.12.09-07:21:16.01@0: 2022.12.09-07:21:15.70@0: --- nv::message --------
2022.12.09-07:21:16.01@0: 
2022.12.09-07:21:16.01@0: logtail end
2022.12.09-07:21:16.98@0: 
2022.12.09-07:21:16.98@0: 
2022.12.09-07:21:16.98@0: /nova/bin/mactel
2022.12.09-07:21:16.98@0: --- signal=6 --------------------------------------------
2022.12.09-07:21:16.98@0: 
2022.12.09-07:21:16.98@0: eip=0x77fc2d89 eflags=0x00000202
2022.12.09-07:21:16.98@0: edi=0x7fffed78 esi=0x00000008 ebp=0x7fffed48 esp=0x7fffed20
2022.12.09-07:21:16.99@0: eax=0x00000000 ebx=0x00000002 ecx=0x7fffed78 edx=0x00000000
2022.12.09-07:21:16.99@0: 
2022.12.09-07:21:16.99@0: maps:
2022.12.09-07:21:16.99@0: 08048000-08052000 r-xp 00000000 07:00 644                                /nova/bin/mactel
2022.12.09-07:21:16.99@0: 08052000-08053000 r-xp 00009000 07:00 644                                /nova/bin/mactel
2022.12.09-07:21:16.99@0: 08053000-08054000 rwxp 0000a000 07:00 644                                /nova/bin/mactel
2022.12.09-07:21:17.00@0: 08054000-08057000 rwxp 00000000 00:00 0                                  [heap]
2022.12.09-07:21:17.00@0: 77f0c000-77f0d000 r-xp 07070000 00:06 995                                /dev/jiffies
2022.12.09-07:21:17.00@0: 77f0d000-77f1e000 r-xp 00000000 07:00 296                                /lib/libuc++.so
2022.12.09-07:21:17.00@0: 77f1e000-77f1f000 r-xp 00010000 07:00 296                                /lib/libuc++.so
2022.12.09-07:21:17.00@0: 77f1f000-77f20000 rwxp 00011000 07:00 296                                /lib/libuc++.so
2022.12.09-07:21:17.00@0: 77f20000-77f4e000 r-xp 00000000 07:00 300                                /lib/libucrypto.so
2022.12.09-07:21:17.00@0: 77f4e000-77f4f000 r-xp 0002d000 07:00 300                                /lib/libucrypto.so
2022.12.09-07:21:17.01@0: 77f4f000-77f50000 rwxp 0002e000 07:00 300                                /lib/libucrypto.so
2022.12.09-07:21:17.01@0: 77f50000-77f68000 r-xp 00000000 07:00 303                                /lib/libubox.so
2022.12.09-07:21:17.01@0: 77f68000-77f69000 r-xp 00017000 07:00 303                                /lib/libubox.so
2022.12.09-07:21:17.01@0: 77f69000-77f6a000 rwxp 00018000 07:00 303                                /lib/libubox.so
2022.12.09-07:21:17.01@0: 77f6a000-77fbb000 r-xp 00000000 07:00 299                                /lib/libumsg.so
2022.12.09-07:21:17.01@0: 77fbb000-77fbc000 r-xp 00050000 07:00 299                                /lib/libumsg.so
2022.12.09-07:21:17.02@0: 77fbc000-77fbd000 rwxp 00051000 07:00 299                                /lib/libumsg.so
2022.12.09-07:21:17.02@0: 77fbd000-77fbe000 rwxp 00000000 00:00 0 
2022.12.09-07:21:17.02@0: 77fbe000-77fc2000 r--p 00000000 00:00 0                                  [vvar]
2022.12.09-07:21:17.02@0: 77fc2000-77fc4000 r-xp 00000000 00:00 0                                  [vdso]
2022.12.09-07:21:17.02@0: 77fc4000-77ffd000 r-xp 00000000 07:00 295                                /lib/libc.so
2022.12.09-07:21:17.02@0: 77ffd000-77ffe000 r-xp 00038000 07:00 295                                /lib/libc.so
2022.12.09-07:21:17.02@0: 77ffe000-77fff000 rwxp 00039000 07:00 295                                /lib/libc.so
2022.12.09-07:21:17.02@0: 77fff000-78000000 rwxp 00000000 00:00 0 
2022.12.09-07:21:17.03@0: 
2022.12.09-07:21:17.03@0: stack: 0x7ffff000 - 0x7fffed20 
2022.12.09-07:21:17.03@0: 48 ed ff 7f 00 00 00 00 78 ed ff 7f b3 68 ff 77 af 00 00 00 00 e0 ff 77 00 00 00 00 82 7e fe 77 
2022.12.09-07:21:17.07@0: 78 ed ff 7f 6c ee ff 7f 88 ed ff 7f e4 7f fe 77 78 ed ff 7f 1f 76 fb 77 12 8f fd 77 00 f0 f1 77 
2022.12.09-07:21:17.11@0: 
2022.12.09-07:21:17.11@0: code: 0x77fc2d89
2022.12.09-07:21:17.12@0: 5d 5a 59 c3 90 90 90 90 8d b4 26 00 00 00 00 8d 
2022.12.09-07:21:17.13@0: 
2022.12.09-07:21:17.13@0: backtrace: 0x77fc2d89 0x77fe7fe4 0x77fd2285 0x77f98e91 0x77f993ec 0x0804fcd1 
2022.12.09-07:21:17.14@0: 
2022.12.09-07:21:17.14@0: 
2022.12.09-07:21:17.14@0: logtail 1024 begin:
2022.12.09-07:21:17.14@0: 2022.12.09-07:20:56.94@0: main() in
2022.12.09-07:21:17.14@0: 2022.12.09-07:21:16.98@0: could not receive confirmation to CTRL_READY from loader
2022.12.09-07:21:17.14@0: 2022.12.09-07:21:16.98@0: --- nv::message --------
2022.12.09-07:21:17.14@0: 
2022.12.09-07:21:17.14@0: logtail end
2022.12.09-07:21:17.15@0: 
2022.12.09-07:21:17.15@0: 
2022.12.09-07:21:17.16@0: /nova/bin/discover
2022.12.09-07:21:17.16@0: --- signal=6 --------------------------------------------
2022.12.09-07:21:17.16@0: 
2022.12.09-07:21:17.16@0: eip=0x77fc2d89 eflags=0x00000202
2022.12.09-07:21:17.16@0: edi=0x7ffff2b8 esi=0x00000008 ebp=0x7ffff288 esp=0x7ffff260
2022.12.09-07:21:17.16@0: eax=0x00000000 ebx=0x00000002 ecx=0x7ffff2b8 edx=0x00000000
2022.12.09-07:21:17.16@0: 
2022.12.09-07:21:17.16@0: maps:
2022.12.09-07:21:17.17@0: 08048000-08056000 r-xp 00000000 07:00 659                                /nova/bin/discover
2022.12.09-07:21:17.17@0: 08056000-08057000 r-xp 0000d000 07:00 659                                /nova/bin/discover
2022.12.09-07:21:17.17@0: 08057000-08058000 rwxp 0000e000 07:00 659                                /nova/bin/discover
2022.12.09-07:21:17.17@0: 08058000-0805b000 rwxp 00000000 00:00 0                                  [heap]
2022.12.09-07:21:17.17@0: 77f3c000-77f3d000 r-xp 07070000 00:06 995                                /dev/jiffies
2022.12.09-07:21:17.18@0: 77f3d000-77f4e000 r-xp 00000000 0